2020-05-11 13:22:00,255 [INFO] Activator:176 - 


2020-05-11 13:22:00,271 [INFO] Activator:177 - !SESSION log4j initialized
2020-05-11 13:23:58,055 [INFO] ApplicationProperties:181 - Using Application install path: C:\ST\STM32CubeIDE_1.3.0\STM32CubeIDE\plugins\com.st.stm32cube.common.mx_5.6.0.202002181639
2020-05-11 13:23:58,070 [INFO] DbMcusXml:72 - Set database path to: C:\ST\STM32CubeIDE_1.3.0\STM32CubeIDE\plugins\com.st.stm32cube.common.mx_5.6.0.202002181639\\db\/mcu/
2020-05-11 13:23:58,077 [INFO] DbBoardsPdsc:54 - Set plugin database path to: C:\ST\STM32CubeIDE_1.3.0\STM32CubeIDE\plugins\com.st.stm32cube.common.mx_5.6.0.202002181639\\db\/plugins/boardmanager/
2020-05-11 13:23:58,077 [INFO] DbMcus:235 - Set plugin images path to: C:\ST\STM32CubeIDE_1.3.0\STM32CubeIDE\plugins\com.st.stm32cube.common.mx_5.6.0.202002181639\\db\/plugins/mcufinder/images/
2020-05-11 13:23:58,077 [INFO] DbBoards:232 - Set plugin images path to: C:\ST\STM32CubeIDE_1.3.0\STM32CubeIDE\plugins\com.st.stm32cube.common.mx_5.6.0.202002181639\\db\/plugins/mcufinder/images/
2020-05-11 13:23:58,077 [INFO] DbMcusAds:85 - Set database path to: C:\Users\ADMIN\.stmcufinder\plugins\mcufinder//mcu/
2020-05-11 13:23:58,077 [INFO] DbMcusDocs:108 - Set database path to: C:\Users\ADMIN\.stmcufinder\plugins\mcufinder//mcu/
2020-05-11 13:23:58,077 [INFO] DbMcusJson:61 - Set database path to: C:\Users\ADMIN\.stmcufinder\plugins\mcufinder//mcu/
2020-05-11 13:23:58,077 [INFO] DbBoardsDocs:97 - Set database path to: C:\Users\ADMIN\.stmcufinder\plugins\mcufinder//mcu/
2020-05-11 13:23:58,077 [INFO] DbBoardsJson:51 - Set database path to: C:\Users\ADMIN\.stmcufinder\plugins\mcufinder//mcu/
2020-05-11 13:23:58,193 [INFO] CrossReferenceDbSqlite:197 - Set database path to: C:\Users\ADMIN\.stmcufinder\plugins\mcufinder//mcu/cs/
2020-05-11 13:23:58,277 [INFO] RulesReader:52 - Compatibility file has been processed (208 Rules)
2020-05-11 13:23:58,371 [INFO] MicroXplorer:570 - Detected Java Version = 1.8.0_242
2020-05-11 13:23:58,378 [INFO] DbMcusXml:72 - Set database path to: C:\ST\STM32CubeIDE_1.3.0\STM32CubeIDE\plugins\com.st.stm32cube.common.mx_5.6.0.202002181639\\db\/mcu/
2020-05-11 13:23:58,378 [INFO] DbBoardsPdsc:54 - Set plugin database path to: C:\ST\STM32CubeIDE_1.3.0\STM32CubeIDE\plugins\com.st.stm32cube.common.mx_5.6.0.202002181639\\db\/plugins/boardmanager/
2020-05-11 13:23:58,378 [INFO] DbMcus:235 - Set plugin images path to: C:\ST\STM32CubeIDE_1.3.0\STM32CubeIDE\plugins\com.st.stm32cube.common.mx_5.6.0.202002181639\\db\/plugins/mcufinder/images/
2020-05-11 13:23:58,378 [INFO] DbBoards:232 - Set plugin images path to: C:\ST\STM32CubeIDE_1.3.0\STM32CubeIDE\plugins\com.st.stm32cube.common.mx_5.6.0.202002181639\\db\/plugins/mcufinder/images/
2020-05-11 13:23:58,378 [WARN] DbFile:36 - Overriding database path with different value: C:\Users\ADMIN\.stmcufinder\plugins\mcufinder/ => C:\Users\ADMIN\.stmcufinder\plugins\mcufinder
2020-05-11 13:23:58,378 [INFO] DbMcusAds:85 - Set database path to: C:\Users\ADMIN\.stmcufinder\plugins\mcufinder//mcu/
2020-05-11 13:23:58,378 [WARN] DbFile:36 - Overriding database path with different value: C:\Users\ADMIN\.stmcufinder\plugins\mcufinder/ => C:\Users\ADMIN\.stmcufinder\plugins\mcufinder
2020-05-11 13:23:58,378 [INFO] DbMcusDocs:108 - Set database path to: C:\Users\ADMIN\.stmcufinder\plugins\mcufinder//mcu/
2020-05-11 13:23:58,378 [WARN] DbFile:36 - Overriding database path with different value: C:\Users\ADMIN\.stmcufinder\plugins\mcufinder/ => C:\Users\ADMIN\.stmcufinder\plugins\mcufinder
2020-05-11 13:23:58,378 [INFO] DbMcusJson:61 - Set database path to: C:\Users\ADMIN\.stmcufinder\plugins\mcufinder//mcu/
2020-05-11 13:23:58,378 [WARN] DbFile:36 - Overriding database path with different value: C:\Users\ADMIN\.stmcufinder\plugins\mcufinder/ => C:\Users\ADMIN\.stmcufinder\plugins\mcufinder
2020-05-11 13:23:58,378 [INFO] DbBoardsDocs:97 - Set database path to: C:\Users\ADMIN\.stmcufinder\plugins\mcufinder//mcu/
2020-05-11 13:23:58,378 [WARN] DbFile:36 - Overriding database path with different value: C:\Users\ADMIN\.stmcufinder\plugins\mcufinder/ => C:\Users\ADMIN\.stmcufinder\plugins\mcufinder
2020-05-11 13:23:58,378 [INFO] DbBoardsJson:51 - Set database path to: C:\Users\ADMIN\.stmcufinder\plugins\mcufinder//mcu/
2020-05-11 13:23:58,378 [WARN] DbFile:36 - Overriding database path with different value: C:\Users\ADMIN\.stmcufinder\plugins\mcufinder/ => C:\Users\ADMIN\.stmcufinder\plugins\mcufinder
2020-05-11 13:23:58,378 [WARN] DbFile:36 - Overriding database path with different value: C:\Users\ADMIN\.stmcufinder\plugins\mcufinder/ => C:\Users\ADMIN\.stmcufinder\plugins\mcufinder
2020-05-11 13:23:58,378 [INFO] CrossReferenceDbSqlite:197 - Set database path to: C:\Users\ADMIN\.stmcufinder\plugins\mcufinder//mcu/cs/
2020-05-11 13:23:58,440 [INFO] MainPanel:181 - HeapMemory: 348127232
2020-05-11 13:23:58,509 [INFO] DbMcusXml:72 - Set database path to: C:\ST\STM32CubeIDE_1.3.0\STM32CubeIDE\plugins\com.st.stm32cube.common.mx_5.6.0.202002181639\\db\/mcu/
2020-05-11 13:23:58,509 [INFO] DbBoardsPdsc:54 - Set plugin database path to: C:\ST\STM32CubeIDE_1.3.0\STM32CubeIDE\plugins\com.st.stm32cube.common.mx_5.6.0.202002181639\\db\/plugins/boardmanager/
2020-05-11 13:23:58,509 [INFO] DbMcus:235 - Set plugin images path to: C:\ST\STM32CubeIDE_1.3.0\STM32CubeIDE\plugins\com.st.stm32cube.common.mx_5.6.0.202002181639\\db\/plugins/mcufinder/images/
2020-05-11 13:23:58,509 [INFO] DbBoards:232 - Set plugin images path to: C:\ST\STM32CubeIDE_1.3.0\STM32CubeIDE\plugins\com.st.stm32cube.common.mx_5.6.0.202002181639\\db\/plugins/mcufinder/images/
2020-05-11 13:23:58,509 [WARN] DbFile:36 - Overriding database path with different value: C:\Users\ADMIN\.stmcufinder\plugins\mcufinder/ => C:\Users\ADMIN\.stmcufinder\plugins\mcufinder
2020-05-11 13:23:58,509 [INFO] DbMcusAds:85 - Set database path to: C:\Users\ADMIN\.stmcufinder\plugins\mcufinder//mcu/
2020-05-11 13:23:58,509 [WARN] DbFile:36 - Overriding database path with different value: C:\Users\ADMIN\.stmcufinder\plugins\mcufinder/ => C:\Users\ADMIN\.stmcufinder\plugins\mcufinder
2020-05-11 13:23:58,509 [INFO] DbMcusDocs:108 - Set database path to: C:\Users\ADMIN\.stmcufinder\plugins\mcufinder//mcu/
2020-05-11 13:23:58,509 [WARN] DbFile:36 - Overriding database path with different value: C:\Users\ADMIN\.stmcufinder\plugins\mcufinder/ => C:\Users\ADMIN\.stmcufinder\plugins\mcufinder
2020-05-11 13:23:58,509 [INFO] DbMcusJson:61 - Set database path to: C:\Users\ADMIN\.stmcufinder\plugins\mcufinder//mcu/
2020-05-11 13:23:58,509 [WARN] DbFile:36 - Overriding database path with different value: C:\Users\ADMIN\.stmcufinder\plugins\mcufinder/ => C:\Users\ADMIN\.stmcufinder\plugins\mcufinder
2020-05-11 13:23:58,509 [INFO] DbBoardsDocs:97 - Set database path to: C:\Users\ADMIN\.stmcufinder\plugins\mcufinder//mcu/
2020-05-11 13:23:58,509 [WARN] DbFile:36 - Overriding database path with different value: C:\Users\ADMIN\.stmcufinder\plugins\mcufinder/ => C:\Users\ADMIN\.stmcufinder\plugins\mcufinder
2020-05-11 13:23:58,509 [INFO] DbBoardsJson:51 - Set database path to: C:\Users\ADMIN\.stmcufinder\plugins\mcufinder//mcu/
2020-05-11 13:23:58,509 [WARN] DbFile:36 - Overriding database path with different value: C:\Users\ADMIN\.stmcufinder\plugins\mcufinder/ => C:\Users\ADMIN\.stmcufinder\plugins\mcufinder
2020-05-11 13:23:58,509 [WARN] DbFile:36 - Overriding database path with different value: C:\Users\ADMIN\.stmcufinder\plugins\mcufinder/ => C:\Users\ADMIN\.stmcufinder\plugins\mcufinder
2020-05-11 13:23:58,509 [INFO] CrossReferenceDbSqlite:197 - Set database path to: C:\Users\ADMIN\.stmcufinder\plugins\mcufinder//mcu/cs/
2020-05-11 13:23:58,525 [INFO] ApplicationProperties:181 - Using Application install path: C:\ST\STM32CubeIDE_1.3.0\STM32CubeIDE\plugins\com.st.stm32cube.common.mx_5.6.0.202002181639
2020-05-11 13:23:58,525 [INFO] PluginManage:178 - Search for loadable plugins [exclusion list=, tutovideos]
2020-05-11 13:23:58,525 [INFO] PluginManage:292 - Check plugin analytics
2020-05-11 13:23:58,525 [INFO] PluginManage:342 - Loaded plugin analytics (category:tool,tabindex:-1)
2020-05-11 13:23:58,525 [INFO] PluginManage:292 - Check plugin clock
2020-05-11 13:23:58,540 [INFO] PluginManage:342 - Loaded plugin clock (category:base,tabindex:2)
2020-05-11 13:23:58,540 [INFO] PluginManage:292 - Check plugin ddr
2020-05-11 13:23:58,540 [INFO] PluginManage:342 - Loaded plugin ddr (category:tool,tabindex:6)
2020-05-11 13:23:58,540 [INFO] PluginManage:292 - Check plugin filemanager
2020-05-11 13:23:58,640 [INFO] PluginManage:342 - Loaded plugin filemanager (category:base,tabindex:10)
2020-05-11 13:23:58,640 [INFO] PluginManage:292 - Check plugin ipmanager
2020-05-11 13:23:58,656 [INFO] PluginManage:342 - Loaded plugin ipmanager (category:base,tabindex:5)
2020-05-11 13:23:58,656 [INFO] PluginManage:292 - Check plugin pinoutandconfiguration
2020-05-11 13:23:58,656 [INFO] PluginManage:342 - Loaded plugin pinoutandconfiguration (category:base,tabindex:1)
2020-05-11 13:23:58,656 [INFO] PluginManage:292 - Check plugin pinoutconfig
2020-05-11 13:23:58,678 [INFO] PluginManage:342 - Loaded plugin pinoutconfig (category:base,tabindex:0)
2020-05-11 13:23:58,678 [INFO] PluginManage:292 - Check plugin power
2020-05-11 13:23:58,694 [INFO] PluginManage:342 - Loaded plugin power (category:power,tabindex:4)
2020-05-11 13:23:58,694 [INFO] PluginManage:292 - Check plugin projectmanager
2020-05-11 13:23:58,709 [INFO] PluginManage:342 - Loaded plugin projectmanager (category:projectmanager,tabindex:3)
2020-05-11 13:23:58,709 [INFO] PluginManage:292 - Check plugin thirdparty
2020-05-11 13:23:58,756 [INFO] ThirdPartyDb:295 - Open Third Party DataBase File (C:/Users/ADMIN/.stm32cubemx/plugins/thirdparty/db/thirdparties_db.xml) : 31 ms. number of Sw pack : 12
2020-05-11 13:23:58,778 [INFO] PluginManage:342 - Loaded plugin thirdparty (category:base,tabindex:-1)
2020-05-11 13:23:58,778 [INFO] PluginManage:292 - Check plugin tools
2020-05-11 13:23:58,778 [INFO] PluginManage:342 - Loaded plugin tools (category:base,tabindex:7)
2020-05-11 13:23:58,778 [INFO] PluginManage:292 - Check plugin tutovideos
2020-05-11 13:23:58,778 [INFO] PluginManage:347 - Ignore plugin tutovideos (category:base)
2020-05-11 13:23:58,778 [INFO] PluginManage:292 - Check plugin updater
2020-05-11 13:23:58,794 [INFO] PluginManage:342 - Loaded plugin updater (category:base,tabindex:12)
2020-05-11 13:23:58,794 [INFO] PluginManage:265 - PluginManage : Loaded plugins [12]
2020-05-11 13:23:58,926 [INFO] PinOutPanel:1420 - setPackage(No Configuration,No Configuration)
2020-05-11 13:23:59,010 [INFO] IPUIPlugin:65 - create IPUIPlugin
2020-05-11 13:23:59,010 [INFO] PluginManager:200 - loadIPPluginJar : add adc
2020-05-11 13:23:59,010 [INFO] IPUIPlugin:65 - create IPUIPlugin
2020-05-11 13:23:59,010 [INFO] PluginManager:200 - loadIPPluginJar : add aes
2020-05-11 13:23:59,010 [INFO] IPUIPlugin:65 - create IPUIPlugin
2020-05-11 13:23:59,010 [INFO] PluginManager:200 - loadIPPluginJar : add can
2020-05-11 13:23:59,010 [INFO] IPUIPlugin:65 - create IPUIPlugin
2020-05-11 13:23:59,010 [INFO] PluginManager:200 - loadIPPluginJar : add comp
2020-05-11 13:23:59,010 [INFO] IPUIPlugin:65 - create IPUIPlugin
2020-05-11 13:23:59,010 [INFO] PluginManager:200 - loadIPPluginJar : add cryp
2020-05-11 13:23:59,010 [INFO] IPUIPlugin:65 - create IPUIPlugin
2020-05-11 13:23:59,010 [INFO] PluginManager:200 - loadIPPluginJar : add dfsdm
2020-05-11 13:23:59,026 [INFO] IPUIPlugin:65 - create IPUIPlugin
2020-05-11 13:23:59,026 [INFO] PluginManager:200 - loadIPPluginJar : add dma
2020-05-11 13:23:59,026 [INFO] IPUIPlugin:65 - create IPUIPlugin
2020-05-11 13:23:59,026 [INFO] PluginManager:200 - loadIPPluginJar : add fatfs
2020-05-11 13:23:59,026 [INFO] IPUIPlugin:65 - create IPUIPlugin
2020-05-11 13:23:59,026 [INFO] PluginManager:200 - loadIPPluginJar : add fmc
2020-05-11 13:23:59,026 [INFO] IPUIPlugin:65 - create IPUIPlugin
2020-05-11 13:23:59,026 [INFO] PluginManager:200 - loadIPPluginJar : add freertos
2020-05-11 13:23:59,041 [INFO] IPUIPlugin:65 - create IPUIPlugin
2020-05-11 13:23:59,041 [INFO] PluginManager:200 - loadIPPluginJar : add genericplugin
2020-05-11 13:23:59,041 [INFO] IPUIPlugin:65 - create IPUIPlugin
2020-05-11 13:23:59,041 [INFO] PluginManager:200 - loadIPPluginJar : add gfxmmu
2020-05-11 13:23:59,041 [INFO] IPUIPlugin:65 - create IPUIPlugin
2020-05-11 13:23:59,041 [INFO] PluginManager:200 - loadIPPluginJar : add gic
2020-05-11 13:23:59,041 [INFO] IPUIPlugin:65 - create IPUIPlugin
2020-05-11 13:23:59,041 [INFO] PluginManager:200 - loadIPPluginJar : add gpio
2020-05-11 13:23:59,041 [INFO] IPUIPlugin:65 - create IPUIPlugin
2020-05-11 13:23:59,041 [INFO] PluginManager:200 - loadIPPluginJar : add gtzc
2020-05-11 13:23:59,057 [INFO] IPUIPlugin:65 - create IPUIPlugin
2020-05-11 13:23:59,057 [INFO] PluginManager:200 - loadIPPluginJar : add hash
2020-05-11 13:23:59,057 [INFO] IPUIPlugin:65 - create IPUIPlugin
2020-05-11 13:23:59,057 [INFO] PluginManager:200 - loadIPPluginJar : add i2c
2020-05-11 13:23:59,057 [INFO] IPUIPlugin:65 - create IPUIPlugin
2020-05-11 13:23:59,057 [INFO] PluginManager:200 - loadIPPluginJar : add i2s
2020-05-11 13:23:59,057 [INFO] IPUIPlugin:65 - create IPUIPlugin
2020-05-11 13:23:59,057 [INFO] PluginManager:200 - loadIPPluginJar : add ipddr
2020-05-11 13:23:59,057 [INFO] IPUIPlugin:65 - create IPUIPlugin
2020-05-11 13:23:59,057 [INFO] PluginManager:200 - loadIPPluginJar : add ltdc
2020-05-11 13:23:59,057 [INFO] IPUIPlugin:65 - create IPUIPlugin
2020-05-11 13:23:59,057 [INFO] PluginManager:200 - loadIPPluginJar : add mdma
2020-05-11 13:23:59,057 [INFO] IPUIPlugin:65 - create IPUIPlugin
2020-05-11 13:23:59,057 [INFO] PluginManager:200 - loadIPPluginJar : add nvic
2020-05-11 13:23:59,057 [INFO] IPUIPlugin:65 - create IPUIPlugin
2020-05-11 13:23:59,057 [INFO] PluginManager:200 - loadIPPluginJar : add opamp
2020-05-11 13:23:59,073 [INFO] IPUIPlugin:65 - create IPUIPlugin
2020-05-11 13:23:59,073 [INFO] PluginManager:200 - loadIPPluginJar : add pdm2pcm
2020-05-11 13:23:59,079 [INFO] IPUIPlugin:65 - create IPUIPlugin
2020-05-11 13:23:59,079 [INFO] PluginManager:200 - loadIPPluginJar : add plateformsettings
2020-05-11 13:23:59,079 [INFO] IPUIPlugin:65 - create IPUIPlugin
2020-05-11 13:23:59,079 [INFO] PluginManager:200 - loadIPPluginJar : add quadspi
2020-05-11 13:23:59,079 [INFO] IPUIPlugin:65 - create IPUIPlugin
2020-05-11 13:23:59,079 [INFO] PluginManager:200 - loadIPPluginJar : add resmgrutility
2020-05-11 13:23:59,079 [INFO] IPUIPlugin:65 - create IPUIPlugin
2020-05-11 13:23:59,079 [INFO] PluginManager:200 - loadIPPluginJar : add sai
2020-05-11 13:23:59,079 [INFO] IPUIPlugin:65 - create IPUIPlugin
2020-05-11 13:23:59,079 [INFO] PluginManager:200 - loadIPPluginJar : add spi
2020-05-11 13:23:59,079 [INFO] IPUIPlugin:65 - create IPUIPlugin
2020-05-11 13:23:59,079 [INFO] PluginManager:200 - loadIPPluginJar : add stm32_wpan
2020-05-11 13:23:59,079 [INFO] IPUIPlugin:65 - create IPUIPlugin
2020-05-11 13:23:59,079 [INFO] PluginManager:200 - loadIPPluginJar : add tim
2020-05-11 13:23:59,095 [INFO] IPUIPlugin:65 - create IPUIPlugin
2020-05-11 13:23:59,095 [INFO] PluginManager:200 - loadIPPluginJar : add touchsensing
2020-05-11 13:23:59,095 [INFO] IPUIPlugin:65 - create IPUIPlugin
2020-05-11 13:23:59,095 [INFO] PluginManager:200 - loadIPPluginJar : add tracer_emb
2020-05-11 13:23:59,095 [INFO] IPUIPlugin:65 - create IPUIPlugin
2020-05-11 13:23:59,095 [INFO] PluginManager:200 - loadIPPluginJar : add ts
2020-05-11 13:23:59,095 [INFO] IPUIPlugin:65 - create IPUIPlugin
2020-05-11 13:23:59,095 [INFO] PluginManager:200 - loadIPPluginJar : add tsc
2020-05-11 13:23:59,095 [INFO] IPUIPlugin:65 - create IPUIPlugin
2020-05-11 13:23:59,095 [INFO] PluginManager:200 - loadIPPluginJar : add ucpd
2020-05-11 13:23:59,095 [INFO] IPUIPlugin:65 - create IPUIPlugin
2020-05-11 13:23:59,095 [INFO] PluginManager:200 - loadIPPluginJar : add usart
2020-05-11 13:23:59,480 [INFO] BoardConnectionPanel:3472 - [DDR PANEL] STM32CubeIDE environment
2020-05-11 13:23:59,480 [INFO] MainDdrPanel:103 - [DDR PANEL] GETTER - cubeProgrammerPath is: null
2020-05-11 13:23:59,696 [FATAL] Updater:277 - Updater called before beeing initialized
2020-05-11 13:23:59,881 [FATAL] Updater:277 - Updater called before beeing initialized
2020-05-11 13:23:59,900 [INFO] PinOutPanel:1420 - setPackage(No Configuration,No Configuration)
2020-05-11 13:23:59,901 [FATAL] Updater:277 - Updater called before beeing initialized
2020-05-11 13:23:59,905 [INFO] BoardConnectionPanel:3472 - [DDR PANEL] STM32CubeIDE environment
2020-05-11 13:23:59,906 [INFO] MainDdrPanel:103 - [DDR PANEL] GETTER - cubeProgrammerPath is: C:\ST\STM32CubeIDE_1.3.0\STM32CubeIDE\plugins\com.st.stm32cube.ide.mcu.externaltools.cubeprogrammer.win32_1.3.0.202002181050\tools\bin
2020-05-11 13:23:59,910 [INFO] ProgrammerExecThread:148 - [ProgrammerAPI] CubeProgrammer command construction: C:\ST\STM32CubeIDE_1.3.0\STM32CubeIDE\plugins\com.st.stm32cube.ide.mcu.externaltools.cubeprogrammer.win32_1.3.0.202002181050\tools\bin\STM32_Programmer_CLI.exe -l
2020-05-11 13:24:00,011 [INFO] MainDdrPanel:93 - [DDR PANEL] SETTER - Set cubeProgrammerPath to: C:\ST\STM32CubeIDE_1.3.0\STM32CubeIDE\plugins\com.st.stm32cube.ide.mcu.externaltools.cubeprogrammer.win32_1.3.0.202002181050\tools\bin
2020-05-11 13:24:00,017 [INFO] Updater:886 - Updater Version found : 5.6.0
2020-05-11 13:24:00,058 [INFO] ApplicationProperties:181 - Using Application install path: C:\ST\STM32CubeIDE_1.3.0\STM32CubeIDE\plugins\com.st.stm32cube.common.mx_5.6.0.202002181639
2020-05-11 13:24:01,067 [INFO] MainUpdater:2230 - connection check result : 10
2020-05-11 13:24:01,070 [INFO] MainUpdater:236 - Updater Check For Update Now.
2020-05-11 13:24:01,071 [INFO] MicroXplorer:420 - Change Database Version : DB.5.0.60
2020-05-11 13:24:01,118 [INFO] CheckServerUpdateThread:92 - End of CheckServer Thread
2020-05-11 13:24:01,281 [INFO] MainUpdater:2230 - connection check result : 10
2020-05-11 13:24:01,381 [INFO] MicroXplorer:390 - Change Database Path : 
2020-05-11 13:24:01,381 [INFO] MicroXplorer:420 - Change Database Version : DB.5.0.60
2020-05-11 13:24:01,387 [INFO] PinOutPanel:1420 - setPackage(No Configuration,No Configuration)
2020-05-11 13:24:01,387 [INFO] UtilMem:74 - Begin LoadConfig() Used Memory: 236793944 Bytes (348127232)
2020-05-11 13:24:01,387 [INFO] MicroXplorer:390 - Change Database Path : 
2020-05-11 13:24:01,387 [INFO] MicroXplorer:420 - Change Database Version : DB.5.0.60
2020-05-11 13:24:01,387 [INFO] OpenFileManager:274 - Change cursor
2020-05-11 13:24:01,861 [INFO] ThirdPartyDb:261 - Close Third Party DataBase File (C:/Users/ADMIN/.stm32cubemx/plugins/thirdparty/db/thirdparties_db.xml)
2020-05-11 13:24:01,881 [INFO] IntegrityCheckThread:98 - End integrity checks thread
2020-05-11 13:24:03,194 [INFO] ImportTextPane:162 - (OptionalMessage_ERROR) IP (DMA) : Parameter (Instance) has Id (USART2_RX) currently not set
2020-05-11 13:24:03,194 [INFO] ImportTextPane:162 - (OptionalMessage_ERROR) IP (DMA) : Parameter (Channel) has Id (USART2_RX) currently not set
2020-05-11 13:24:03,194 [INFO] ImportTextPane:162 - (OptionalMessage_ERROR) IP (DMA) : Parameter (Direction) has Id (USART2_RX) currently not set
2020-05-11 13:24:03,195 [INFO] ImportTextPane:162 - (OptionalMessage_ERROR) IP (DMA) : Parameter (PeriphInc) has Id (USART2_RX) currently not set
2020-05-11 13:24:03,195 [INFO] ImportTextPane:162 - (OptionalMessage_ERROR) IP (DMA) : Parameter (MemInc) has Id (USART2_RX) currently not set
2020-05-11 13:24:03,195 [INFO] ImportTextPane:162 - (OptionalMessage_ERROR) IP (DMA) : Parameter (PeriphDataAlignment) has Id (USART2_RX) currently not set
2020-05-11 13:24:03,195 [INFO] ImportTextPane:162 - (OptionalMessage_ERROR) IP (DMA) : Parameter (MemDataAlignment) has Id (USART2_RX) currently not set
2020-05-11 13:24:03,195 [INFO] ImportTextPane:162 - (OptionalMessage_ERROR) IP (DMA) : Parameter (Mode) has Id (USART2_RX) currently not set
2020-05-11 13:24:03,195 [INFO] ImportTextPane:162 - (OptionalMessage_ERROR) IP (DMA) : Parameter (Priority) has Id (USART2_RX) currently not set
2020-05-11 13:24:03,195 [INFO] ImportTextPane:162 - (OptionalMessage_ERROR) IP (DMA) : Parameter (FIFOMode) has Id (USART2_RX) currently not set
2020-05-11 13:24:03,195 [INFO] ImportTextPane:162 - (OptionalMessage_ERROR) IP (DMA) : Parameter (Instance) has Id (USART2_TX) currently not set
2020-05-11 13:24:03,195 [INFO] ImportTextPane:162 - (OptionalMessage_ERROR) IP (DMA) : Parameter (Channel) has Id (USART2_TX) currently not set
2020-05-11 13:24:03,195 [INFO] ImportTextPane:162 - (OptionalMessage_ERROR) IP (DMA) : Parameter (Direction) has Id (USART2_TX) currently not set
2020-05-11 13:24:03,195 [INFO] ImportTextPane:162 - (OptionalMessage_ERROR) IP (DMA) : Parameter (PeriphInc) has Id (USART2_TX) currently not set
2020-05-11 13:24:03,195 [INFO] ImportTextPane:162 - (OptionalMessage_ERROR) IP (DMA) : Parameter (MemInc) has Id (USART2_TX) currently not set
2020-05-11 13:24:03,195 [INFO] ImportTextPane:162 - (OptionalMessage_ERROR) IP (DMA) : Parameter (PeriphDataAlignment) has Id (USART2_TX) currently not set
2020-05-11 13:24:03,195 [INFO] ImportTextPane:162 - (OptionalMessage_ERROR) IP (DMA) : Parameter (MemDataAlignment) has Id (USART2_TX) currently not set
2020-05-11 13:24:03,195 [INFO] ImportTextPane:162 - (OptionalMessage_ERROR) IP (DMA) : Parameter (Mode) has Id (USART2_TX) currently not set
2020-05-11 13:24:03,195 [INFO] ImportTextPane:162 - (OptionalMessage_ERROR) IP (DMA) : Parameter (Priority) has Id (USART2_TX) currently not set
2020-05-11 13:24:03,195 [INFO] ImportTextPane:162 - (OptionalMessage_ERROR) IP (DMA) : Parameter (FIFOMode) has Id (USART2_TX) currently not set
2020-05-11 13:24:03,195 [INFO] ImportTextPane:162 - (OptionalMessage_ERROR) IP (RCC) : Parameter (48MHZClocksFreq_Value) has invalid value (84000000)
2020-05-11 13:24:03,195 [INFO] ImportTextPane:162 - (OptionalMessage_ERROR) IP (RCC) : Parameter (FLatency) has Id (AdvancedSettings) currently not set
2020-05-11 13:24:03,195 [INFO] ImportTextPane:162 - (OptionalMessage_ERROR) IP (RCC) : Parameter (RTCHSEDivFreq_Value) has invalid value (4000000)
2020-05-11 13:24:03,352 [INFO] UtilMem:74 - End LoadConfig() Used Memory: 357680480 Bytes (493879296)
2020-05-11 13:24:03,352 [INFO] DbMcusXml:110 - Load MCU database from C:\ST\STM32CubeIDE_1.3.0\STM32CubeIDE\plugins\com.st.stm32cube.common.mx_5.6.0.202002181639\\db\/mcu/families.xml
2020-05-11 13:24:03,913 [INFO] DbMcusJson:90 - JSON generation date=Wed Apr 15 08:54:18 IDT 2020 (1586930058)
2020-05-11 13:24:04,620 [INFO] DbMcus:171 - Found 1670 MCUs (1625 are supported by CubeMX, 1625 are visible in CubeMX)
2020-05-11 13:24:04,620 [INFO] ApiDb:158 - Load user favorites file C:\Users\ADMIN/.stm32cubemx/favorites.mcus.txt: 0 item(s)
2020-05-11 13:24:04,620 [INFO] ApiDb:163 - User favorites MCUs=[]
2020-05-11 13:24:04,620 [INFO] DbMcus:183 - Set 0 / 0 favorites MCUs
2020-05-11 13:24:04,630 [INFO] ThirdPartyDb:295 - Open Third Party DataBase File (C:/Users/ADMIN/.stm32cubemx/plugins/thirdparty/db/thirdparties_db.xml) : 2 ms. number of Sw pack : 12
2020-05-11 13:24:04,669 [INFO] DependencyParser:785 - This component is not compatible with the current MCU : [1586452158110]
2020-05-11 13:24:04,671 [INFO] ThirdPartyModel:521 - Component with status : MCU_INCOMPATIBLE for condition : OS Tick GTIM id : 1586452157437
2020-05-11 13:24:04,671 [INFO] DependencyParser:785 - This component is not compatible with the current MCU : [1586452160686, 1586452158193]
2020-05-11 13:24:04,751 [INFO] ThirdParty:899 - CMSIS Pack Vendor :STMicroelectronics X-CUBE-BLE1 5.0.0
2020-05-11 13:24:04,751 [INFO] ThirdParty:899 - CMSIS Pack Vendor :STMicroelectronics X-CUBE-SUBG2 1.1.0
2020-05-11 13:24:04,751 [INFO] ThirdParty:899 - CMSIS Pack Vendor :STMicroelectronics X-CUBE-GNSS1 4.1.0
2020-05-11 13:24:04,751 [INFO] ThirdParty:899 - CMSIS Pack Vendor :STMicroelectronics X-CUBE-MEMS1 7.0.0
2020-05-11 13:24:04,751 [INFO] ThirdParty:899 - CMSIS Pack Vendor :ARM CMSIS 5.6.0
2020-05-11 13:24:04,751 [INFO] ThirdParty:899 - CMSIS Pack Vendor :STMicroelectronics X-CUBE-TOUCHGFX 4.13.0
2020-05-11 13:24:04,751 [INFO] ThirdParty:899 - CMSIS Pack Vendor :STMicroelectronics X-CUBE-NFC4 1.5.2
2020-05-11 13:24:04,751 [INFO] ThirdParty:899 - CMSIS Pack Vendor :STMicroelectronics FreeRTOS 0.0.1
2020-05-11 13:24:04,751 [INFO] ThirdParty:899 - CMSIS Pack Vendor :STMicroelectronics X-CUBE-MEMS1 7.1.0
2020-05-11 13:24:04,751 [INFO] ThirdParty:899 - CMSIS Pack Vendor :STMicroelectronics X-CUBE-ALGOBUILD 1.0.0
2020-05-11 13:24:04,751 [INFO] ThirdParty:899 - CMSIS Pack Vendor :STMicroelectronics X-CUBE-AI 5.0.0
2020-05-11 13:24:04,751 [INFO] ThirdParty:899 - CMSIS Pack Vendor :STMicroelectronics X-CUBE-BLE2 1.0.0
2020-05-11 13:24:05,002 [INFO] PinOutPanel:1420 - setPackage(No Configuration,No Configuration)
2020-05-11 13:24:05,017 [INFO] PinOutPanel:1420 - setPackage(STM32F411RETx,LQFP64)
2020-05-11 13:24:05,494 [INFO] UtilMem:74 - Before build in PCC Used Memory: 360748248 Bytes (645922816)
2020-05-11 13:24:06,040 [INFO] SharedServices:71 - Folder for power plug-in: C:/Users/ADMIN/.stm32cubemx/plugins/power
2020-05-11 13:24:06,075 [INFO] SharedServices:71 - Folder for power plug-in: C:/Users/ADMIN/.stm32cubemx/plugins/power
2020-05-11 13:24:06,122 [INFO] SharedServices:71 - Folder for power plug-in: C:/Users/ADMIN/.stm32cubemx/plugins/power
2020-05-11 13:24:06,122 [INFO] SharedServices:71 - Folder for power plug-in: C:/Users/ADMIN/.stm32cubemx/plugins/power
2020-05-11 13:24:06,357 [INFO] UtilMem:74 - After build in PCC Used Memory: 400594136 Bytes (645922816)
2020-05-11 13:24:06,372 [INFO] IPUIPlugin:65 - create IPUIPlugin
2020-05-11 13:24:06,372 [INFO] IPUIPlugin:65 - create IPUIPlugin
2020-05-11 13:24:06,372 [INFO] IPUIPlugin:65 - create IPUIPlugin
2020-05-11 13:24:06,372 [INFO] IPUIPlugin:65 - create IPUIPlugin
2020-05-11 13:24:06,372 [INFO] IPUIPlugin:65 - create IPUIPlugin
2020-05-11 13:24:06,372 [INFO] IPUIPlugin:65 - create IPUIPlugin
2020-05-11 13:24:06,372 [INFO] IPUIPlugin:65 - create IPUIPlugin
2020-05-11 13:24:06,372 [INFO] IPUIPlugin:65 - create IPUIPlugin
2020-05-11 13:24:06,372 [INFO] IPUIPlugin:65 - create IPUIPlugin
2020-05-11 13:24:06,372 [INFO] IPUIPlugin:65 - create IPUIPlugin
2020-05-11 13:24:06,372 [INFO] IPUIPlugin:65 - create IPUIPlugin
2020-05-11 13:24:06,372 [INFO] IPUIPlugin:65 - create IPUIPlugin
2020-05-11 13:24:06,372 [INFO] IPUIPlugin:65 - create IPUIPlugin
2020-05-11 13:24:06,372 [INFO] IPUIPlugin:65 - create IPUIPlugin
2020-05-11 13:24:06,372 [INFO] IPUIPlugin:65 - create IPUIPlugin
2020-05-11 13:24:06,372 [INFO] IPUIPlugin:65 - create IPUIPlugin
2020-05-11 13:24:06,372 [INFO] IPUIPlugin:65 - create IPUIPlugin
2020-05-11 13:24:06,372 [INFO] IPUIPlugin:65 - create IPUIPlugin
2020-05-11 13:24:06,372 [INFO] IPUIPlugin:65 - create IPUIPlugin
2020-05-11 13:24:06,372 [INFO] IPUIPlugin:65 - create IPUIPlugin
2020-05-11 13:24:06,372 [INFO] IPUIPlugin:65 - create IPUIPlugin
2020-05-11 13:24:06,372 [INFO] IPUIPlugin:65 - create IPUIPlugin
2020-05-11 13:24:06,372 [INFO] IPUIPlugin:65 - create IPUIPlugin
2020-05-11 13:24:06,372 [INFO] IPUIPlugin:65 - create IPUIPlugin
2020-05-11 13:24:06,372 [INFO] IPUIPlugin:65 - create IPUIPlugin
2020-05-11 13:24:06,372 [INFO] IPUIPlugin:65 - create IPUIPlugin
2020-05-11 13:24:06,372 [INFO] IPUIPlugin:65 - create IPUIPlugin
2020-05-11 13:24:06,372 [INFO] IPUIPlugin:65 - create IPUIPlugin
2020-05-11 13:24:06,372 [INFO] IPUIPlugin:65 - create IPUIPlugin
2020-05-11 13:24:06,372 [INFO] IPUIPlugin:65 - create IPUIPlugin
2020-05-11 13:24:06,372 [INFO] IPUIPlugin:65 - create IPUIPlugin
2020-05-11 13:24:06,372 [INFO] IPUIPlugin:65 - create IPUIPlugin
2020-05-11 13:24:06,372 [INFO] IPUIPlugin:65 - create IPUIPlugin
2020-05-11 13:24:06,372 [INFO] IPUIPlugin:65 - create IPUIPlugin
2020-05-11 13:24:06,372 [INFO] IPUIPlugin:65 - create IPUIPlugin
2020-05-11 13:24:06,372 [INFO] IPUIPlugin:65 - create IPUIPlugin
2020-05-11 13:24:06,372 [INFO] IPUIPlugin:65 - create IPUIPlugin
2020-05-11 13:24:06,372 [INFO] IPUIPlugin:65 - create IPUIPlugin
2020-05-11 13:24:06,372 [INFO] IPUIPlugin:65 - create IPUIPlugin
2020-05-11 13:24:06,372 [INFO] IPUIPlugin:65 - create IPUIPlugin
2020-05-11 13:24:06,372 [INFO] IPUIPlugin:65 - create IPUIPlugin
2020-05-11 13:24:06,372 [INFO] IPUIPlugin:65 - create IPUIPlugin
2020-05-11 13:24:06,372 [INFO] IPUIPlugin:65 - create IPUIPlugin
2020-05-11 13:24:06,388 [WARN] IP:1936 - I2C_Coeff_DF not found: check if there is a RefParameter without a condition.
2020-05-11 13:24:06,388 [WARN] IP:1936 - Analog_Filter not found: check if there is a RefParameter without a condition.
2020-05-11 13:24:06,419 [ERROR] FreeRTOS:936 - Null or empty value: should not occur! (nothing added to the table)
2020-05-11 13:24:06,529 [INFO] ApiDbMcu:451 - Load IP Config File for FREERTOS
2020-05-11 13:24:06,544 [INFO] LogOutputStream:76 - [STDOUT_REDIRECT] toolchainItems.length=====1
2020-05-11 13:24:06,653 [INFO] OpenFileManager:294 - Restore cursor
2020-05-11 13:24:06,747 [WARN] IP:1936 - I2C_Coeff_DF not found: check if there is a RefParameter without a condition.
2020-05-11 13:24:06,747 [WARN] IP:1936 - Analog_Filter not found: check if there is a RefParameter without a condition.
2020-05-11 13:24:06,747 [WARN] IP:1936 - I2C_Coeff_DF not found: check if there is a RefParameter without a condition.
2020-05-11 13:24:06,747 [WARN] IP:1936 - Analog_Filter not found: check if there is a RefParameter without a condition.
2020-05-11 13:24:18,126 [INFO] UtilMem:74 - End SaveConfig() Used Memory: 368325384 Bytes (645922816)
2020-05-11 13:24:19,458 [INFO] UtilMem:74 - End SaveConfig() Used Memory: 293357704 Bytes (645922816)
2020-05-11 13:24:19,670 [INFO] UtilMem:74 - End SaveConfig() Used Memory: 307515520 Bytes (645922816)
2020-05-11 13:24:20,083 [INFO] BlockDiagram:2671 - set Specific Code input for plugin: RTC
2020-05-11 13:24:20,083 [INFO] BlockDiagram:2671 - set Specific Code input for plugin: NVIC
2020-05-11 13:24:20,083 [INFO] BlockDiagram:2671 - set Specific Code input for plugin: FREERTOS
2020-05-11 13:24:20,083 [INFO] BlockDiagram:2671 - set Specific Code input for plugin: USART
2020-05-11 13:24:20,083 [INFO] BlockDiagram:2671 - set Specific Code input for plugin: IWDG
2020-05-11 13:24:20,083 [INFO] BlockDiagram:2671 - set Specific Code input for plugin: DMA
2020-05-11 13:24:20,083 [INFO] BlockDiagram:2671 - set Specific Code input for plugin: TIM1_8
2020-05-11 13:24:20,083 [INFO] BlockDiagram:2671 - set Specific Code input for plugin: SYS
2020-05-11 13:24:20,083 [INFO] BlockDiagram:2671 - set Specific Code input for plugin: GPIO
2020-05-11 13:24:20,083 [INFO] BlockDiagram:2671 - set Specific Code input for plugin: RCC
2020-05-11 13:24:20,083 [INFO] BlockDiagram:2671 - set Specific Code input for plugin: CRC
2020-05-11 13:24:20,083 [INFO] BlockDiagram:2671 - set Specific Code input for plugin: I2C
2020-05-11 13:24:20,083 [INFO] CodeGenerator:603 - code generatio: config db path: C:\ST\STM32CubeIDE_1.3.0\STM32CubeIDE\plugins\com.st.stm32cube.common.mx_5.6.0.202002181639\\db\
2020-05-11 13:24:20,099 [WARN] IP:1936 - I2C_Coeff_DF not found: check if there is a RefParameter without a condition.
2020-05-11 13:24:20,099 [WARN] IP:1936 - Analog_Filter not found: check if there is a RefParameter without a condition.
2020-05-11 13:24:20,495 [INFO] CodeEngine:188 - oldGeneratedFile, C:\Users\ADMIN\Documents\GitHub\NUCLEO-F411RE\NUCLEO-F411RE\MXTmpFiles\license.tmp_save
2020-05-11 13:24:20,932 [INFO] CodeEngine:206 - Generated code: C:\Users\ADMIN\Documents\GitHub\NUCLEO-F411RE\NUCLEO-F411RE\MXTmpFiles\license.tmp
2020-05-11 13:24:21,020 [INFO] CodeEngine:188 - oldGeneratedFile, C:\Users\ADMIN\Documents\GitHub\NUCLEO-F411RE\NUCLEO-F411RE\Src\gpio.c_save
2020-05-11 13:24:21,121 [INFO] CodeEngine:206 - Generated code: C:\Users\ADMIN\Documents\GitHub\NUCLEO-F411RE\NUCLEO-F411RE\Src\gpio.c
2020-05-11 13:24:21,121 [INFO] CodeEngine:188 - oldGeneratedFile, C:\Users\ADMIN\Documents\GitHub\NUCLEO-F411RE\NUCLEO-F411RE\Inc\gpio.h_save
2020-05-11 13:24:21,199 [INFO] CodeEngine:206 - Generated code: C:\Users\ADMIN\Documents\GitHub\NUCLEO-F411RE\NUCLEO-F411RE\Inc\gpio.h
2020-05-11 13:24:21,830 [INFO] LogOutputStream:76 - [STDOUT_REDIRECT] Command line
2020-05-11 13:24:21,830 [INFO] LogOutputStream:76 - [STDOUT_REDIRECT] Debug : prepare data for CRC
2020-05-11 13:24:21,830 [INFO] LogOutputStream:76 - [STDOUT_REDIRECT] Command line test
2020-05-11 13:24:21,845 [INFO] CodeEngine:188 - oldGeneratedFile, C:\Users\ADMIN\Documents\GitHub\NUCLEO-F411RE\NUCLEO-F411RE\Src\crc.c_save
2020-05-11 13:24:22,105 [INFO] CodeEngine:206 - Generated code: C:\Users\ADMIN\Documents\GitHub\NUCLEO-F411RE\NUCLEO-F411RE\Src\crc.c
2020-05-11 13:24:22,105 [INFO] CodeEngine:188 - oldGeneratedFile, C:\Users\ADMIN\Documents\GitHub\NUCLEO-F411RE\NUCLEO-F411RE\Inc\crc.h_save
2020-05-11 13:24:22,199 [INFO] CodeEngine:206 - Generated code: C:\Users\ADMIN\Documents\GitHub\NUCLEO-F411RE\NUCLEO-F411RE\Inc\crc.h
2020-05-11 13:24:22,199 [INFO] LogOutputStream:76 - [STDOUT_REDIRECT] Command line
2020-05-11 13:24:22,214 [INFO] LogOutputStream:76 - [STDOUT_REDIRECT] Debug : prepare data for DMA
2020-05-11 13:24:22,214 [INFO] LogOutputStream:76 - [STDOUT_REDIRECT] Command line test
2020-05-11 13:24:22,245 [INFO] CodeEngine:188 - oldGeneratedFile, C:\Users\ADMIN\Documents\GitHub\NUCLEO-F411RE\NUCLEO-F411RE\Src\dma.c_save
2020-05-11 13:24:22,340 [INFO] CodeEngine:206 - Generated code: C:\Users\ADMIN\Documents\GitHub\NUCLEO-F411RE\NUCLEO-F411RE\Src\dma.c
2020-05-11 13:24:22,356 [INFO] CodeEngine:188 - oldGeneratedFile, C:\Users\ADMIN\Documents\GitHub\NUCLEO-F411RE\NUCLEO-F411RE\Inc\dma.h_save
2020-05-11 13:24:22,517 [INFO] CodeEngine:206 - Generated code: C:\Users\ADMIN\Documents\GitHub\NUCLEO-F411RE\NUCLEO-F411RE\Inc\dma.h
2020-05-11 13:24:22,517 [INFO] LogOutputStream:76 - [STDOUT_REDIRECT] Command line
2020-05-11 13:24:22,642 [INFO] Middleware:1103 - No code input for Bsp Dependency
2020-05-11 13:24:22,657 [INFO] CodeEngine:188 - oldGeneratedFile, C:\Users\ADMIN\Documents\GitHub\NUCLEO-F411RE\NUCLEO-F411RE\MXTmpFiles\rtos_inc.tmp_save
2020-05-11 13:24:22,813 [INFO] CodeEngine:206 - Generated code: C:\Users\ADMIN\Documents\GitHub\NUCLEO-F411RE\NUCLEO-F411RE\MXTmpFiles\rtos_inc.tmp
2020-05-11 13:24:22,829 [INFO] CodeEngine:188 - oldGeneratedFile, C:\Users\ADMIN\Documents\GitHub\NUCLEO-F411RE\NUCLEO-F411RE\MXTmpFiles\rtos_vars.tmp_save
2020-05-11 13:24:23,030 [INFO] CodeEngine:206 - Generated code: C:\Users\ADMIN\Documents\GitHub\NUCLEO-F411RE\NUCLEO-F411RE\MXTmpFiles\rtos_vars.tmp
2020-05-11 13:24:23,063 [INFO] CodeEngine:188 - oldGeneratedFile, C:\Users\ADMIN\Documents\GitHub\NUCLEO-F411RE\NUCLEO-F411RE\MXTmpFiles\rtos_pfp.tmp_save
2020-05-11 13:24:23,217 [INFO] CodeEngine:206 - Generated code: C:\Users\ADMIN\Documents\GitHub\NUCLEO-F411RE\NUCLEO-F411RE\MXTmpFiles\rtos_pfp.tmp
2020-05-11 13:24:23,232 [INFO] CodeEngine:188 - oldGeneratedFile, C:\Users\ADMIN\Documents\GitHub\NUCLEO-F411RE\NUCLEO-F411RE\MXTmpFiles\rtos_obj_creat.tmp_save
2020-05-11 13:24:23,437 [INFO] CodeEngine:206 - Generated code: C:\Users\ADMIN\Documents\GitHub\NUCLEO-F411RE\NUCLEO-F411RE\MXTmpFiles\rtos_obj_creat.tmp
2020-05-11 13:24:23,453 [INFO] CodeEngine:188 - oldGeneratedFile, C:\Users\ADMIN\Documents\GitHub\NUCLEO-F411RE\NUCLEO-F411RE\MXTmpFiles\rtos_kernelStart.tmp_save
2020-05-11 13:24:23,630 [INFO] CodeEngine:206 - Generated code: C:\Users\ADMIN\Documents\GitHub\NUCLEO-F411RE\NUCLEO-F411RE\MXTmpFiles\rtos_kernelStart.tmp
2020-05-11 13:24:23,646 [INFO] CodeEngine:188 - oldGeneratedFile, C:\Users\ADMIN\Documents\GitHub\NUCLEO-F411RE\NUCLEO-F411RE\MXTmpFiles\rtos_default_thread.tmp_save
2020-05-11 13:24:23,802 [INFO] CodeEngine:206 - Generated code: C:\Users\ADMIN\Documents\GitHub\NUCLEO-F411RE\NUCLEO-F411RE\MXTmpFiles\rtos_default_thread.tmp
2020-05-11 13:24:23,818 [INFO] CodeEngine:188 - oldGeneratedFile, C:\Users\ADMIN\Documents\GitHub\NUCLEO-F411RE\NUCLEO-F411RE\MXTmpFiles\rtos_threads.tmp_save
2020-05-11 13:24:23,964 [INFO] CodeEngine:206 - Generated code: C:\Users\ADMIN\Documents\GitHub\NUCLEO-F411RE\NUCLEO-F411RE\MXTmpFiles\rtos_threads.tmp
2020-05-11 13:24:23,981 [INFO] CodeEngine:188 - oldGeneratedFile, C:\Users\ADMIN\Documents\GitHub\NUCLEO-F411RE\NUCLEO-F411RE\Inc\FreeRTOSConfig.h_save
2020-05-11 13:24:24,207 [INFO] CodeEngine:206 - Generated code: C:\Users\ADMIN\Documents\GitHub\NUCLEO-F411RE\NUCLEO-F411RE\Inc\FreeRTOSConfig.h
2020-05-11 13:24:24,222 [INFO] CodeEngine:188 - oldGeneratedFile, C:\Users\ADMIN\Documents\GitHub\NUCLEO-F411RE\NUCLEO-F411RE\Src\freertos.c_save
2020-05-11 13:24:24,654 [INFO] CodeEngine:206 - Generated code: C:\Users\ADMIN\Documents\GitHub\NUCLEO-F411RE\NUCLEO-F411RE\Src\freertos.c
2020-05-11 13:24:24,670 [INFO] LogOutputStream:76 - [STDOUT_REDIRECT] Command line
2020-05-11 13:24:24,670 [INFO] LogOutputStream:76 - [STDOUT_REDIRECT] Debug : prepare data for I2C
2020-05-11 13:24:24,670 [INFO] LogOutputStream:76 - [STDOUT_REDIRECT] Command line test
2020-05-11 13:24:24,685 [INFO] CodeEngine:188 - oldGeneratedFile, C:\Users\ADMIN\Documents\GitHub\NUCLEO-F411RE\NUCLEO-F411RE\Src\i2c.c_save
2020-05-11 13:24:24,885 [INFO] CodeEngine:206 - Generated code: C:\Users\ADMIN\Documents\GitHub\NUCLEO-F411RE\NUCLEO-F411RE\Src\i2c.c
2020-05-11 13:24:24,909 [INFO] CodeEngine:188 - oldGeneratedFile, C:\Users\ADMIN\Documents\GitHub\NUCLEO-F411RE\NUCLEO-F411RE\Inc\i2c.h_save
2020-05-11 13:24:24,998 [INFO] CodeEngine:206 - Generated code: C:\Users\ADMIN\Documents\GitHub\NUCLEO-F411RE\NUCLEO-F411RE\Inc\i2c.h
2020-05-11 13:24:25,002 [INFO] LogOutputStream:76 - [STDOUT_REDIRECT] Command line
2020-05-11 13:24:25,004 [INFO] LogOutputStream:76 - [STDOUT_REDIRECT] Debug : prepare data for IWDG
2020-05-11 13:24:25,005 [INFO] LogOutputStream:76 - [STDOUT_REDIRECT] Command line test
2020-05-11 13:24:25,015 [INFO] CodeEngine:188 - oldGeneratedFile, C:\Users\ADMIN\Documents\GitHub\NUCLEO-F411RE\NUCLEO-F411RE\Src\iwdg.c_save
2020-05-11 13:24:25,149 [INFO] CodeEngine:206 - Generated code: C:\Users\ADMIN\Documents\GitHub\NUCLEO-F411RE\NUCLEO-F411RE\Src\iwdg.c
2020-05-11 13:24:25,157 [INFO] CodeEngine:188 - oldGeneratedFile, C:\Users\ADMIN\Documents\GitHub\NUCLEO-F411RE\NUCLEO-F411RE\Inc\iwdg.h_save
2020-05-11 13:24:25,224 [INFO] CodeEngine:206 - Generated code: C:\Users\ADMIN\Documents\GitHub\NUCLEO-F411RE\NUCLEO-F411RE\Inc\iwdg.h
2020-05-11 13:24:25,226 [INFO] LogOutputStream:76 - [STDOUT_REDIRECT] Command line
2020-05-11 13:24:25,226 [INFO] LogOutputStream:76 - [STDOUT_REDIRECT] Debug : prepare data for RTC
2020-05-11 13:24:25,226 [INFO] LogOutputStream:76 - [STDOUT_REDIRECT] Command line test
2020-05-11 13:24:25,226 [INFO] CodeEngine:188 - oldGeneratedFile, C:\Users\ADMIN\Documents\GitHub\NUCLEO-F411RE\NUCLEO-F411RE\Src\rtc.c_save
2020-05-11 13:24:25,336 [INFO] CodeEngine:206 - Generated code: C:\Users\ADMIN\Documents\GitHub\NUCLEO-F411RE\NUCLEO-F411RE\Src\rtc.c
2020-05-11 13:24:25,336 [INFO] CodeEngine:188 - oldGeneratedFile, C:\Users\ADMIN\Documents\GitHub\NUCLEO-F411RE\NUCLEO-F411RE\Inc\rtc.h_save
2020-05-11 13:24:25,398 [INFO] CodeEngine:206 - Generated code: C:\Users\ADMIN\Documents\GitHub\NUCLEO-F411RE\NUCLEO-F411RE\Inc\rtc.h
2020-05-11 13:24:25,398 [INFO] LogOutputStream:76 - [STDOUT_REDIRECT] Command line
2020-05-11 13:24:25,414 [INFO] LogOutputStream:76 - [STDOUT_REDIRECT] Debug : prepare data for TIM
2020-05-11 13:24:25,414 [INFO] LogOutputStream:76 - [STDOUT_REDIRECT] Command line test
2020-05-11 13:24:25,414 [INFO] CodeEngine:188 - oldGeneratedFile, C:\Users\ADMIN\Documents\GitHub\NUCLEO-F411RE\NUCLEO-F411RE\Src\tim.c_save
2020-05-11 13:24:25,523 [INFO] CodeEngine:206 - Generated code: C:\Users\ADMIN\Documents\GitHub\NUCLEO-F411RE\NUCLEO-F411RE\Src\tim.c
2020-05-11 13:24:25,539 [INFO] CodeEngine:188 - oldGeneratedFile, C:\Users\ADMIN\Documents\GitHub\NUCLEO-F411RE\NUCLEO-F411RE\Inc\tim.h_save
2020-05-11 13:24:25,611 [INFO] CodeEngine:206 - Generated code: C:\Users\ADMIN\Documents\GitHub\NUCLEO-F411RE\NUCLEO-F411RE\Inc\tim.h
2020-05-11 13:24:25,611 [INFO] LogOutputStream:76 - [STDOUT_REDIRECT] Command line
2020-05-11 13:24:25,611 [INFO] LogOutputStream:76 - [STDOUT_REDIRECT] Debug : prepare data for USART
2020-05-11 13:24:25,611 [INFO] LogOutputStream:76 - [STDOUT_REDIRECT] Command line test
2020-05-11 13:24:25,611 [INFO] CodeEngine:188 - oldGeneratedFile, C:\Users\ADMIN\Documents\GitHub\NUCLEO-F411RE\NUCLEO-F411RE\Src\usart.c_save
2020-05-11 13:24:25,736 [INFO] CodeEngine:206 - Generated code: C:\Users\ADMIN\Documents\GitHub\NUCLEO-F411RE\NUCLEO-F411RE\Src\usart.c
2020-05-11 13:24:25,736 [INFO] CodeEngine:188 - oldGeneratedFile, C:\Users\ADMIN\Documents\GitHub\NUCLEO-F411RE\NUCLEO-F411RE\Inc\usart.h_save
2020-05-11 13:24:25,830 [INFO] CodeEngine:206 - Generated code: C:\Users\ADMIN\Documents\GitHub\NUCLEO-F411RE\NUCLEO-F411RE\Inc\usart.h
2020-05-11 13:24:25,845 [INFO] LogOutputStream:76 - [STDOUT_REDIRECT] Debug : prepare data for NVIC
2020-05-11 13:24:25,845 [INFO] LogOutputStream:76 - [STDOUT_REDIRECT] Command line test
2020-05-11 13:24:25,845 [INFO] CodeEngine:188 - oldGeneratedFile, C:\Users\ADMIN\Documents\GitHub\NUCLEO-F411RE\NUCLEO-F411RE\Src\stm32f4xx_it.c_save
2020-05-11 13:24:26,003 [INFO] CodeEngine:206 - Generated code: C:\Users\ADMIN\Documents\GitHub\NUCLEO-F411RE\NUCLEO-F411RE\Src\stm32f4xx_it.c
2020-05-11 13:24:26,003 [INFO] CodeEngine:188 - oldGeneratedFile, C:\Users\ADMIN\Documents\GitHub\NUCLEO-F411RE\NUCLEO-F411RE\Inc\stm32f4xx_it.h_save
2020-05-11 13:24:26,081 [INFO] CodeEngine:206 - Generated code: C:\Users\ADMIN\Documents\GitHub\NUCLEO-F411RE\NUCLEO-F411RE\Inc\stm32f4xx_it.h
2020-05-11 13:24:26,097 [INFO] CodeEngine:188 - oldGeneratedFile, C:\Users\ADMIN\Documents\GitHub\NUCLEO-F411RE\NUCLEO-F411RE\Src\stm32f4xx_hal_msp.c_save
2020-05-11 13:24:26,208 [INFO] CodeEngine:206 - Generated code: C:\Users\ADMIN\Documents\GitHub\NUCLEO-F411RE\NUCLEO-F411RE\Src\stm32f4xx_hal_msp.c
2020-05-11 13:24:26,208 [INFO] CodeEngine:188 - oldGeneratedFile, C:\Users\ADMIN\Documents\GitHub\NUCLEO-F411RE\NUCLEO-F411RE\MXTmpFiles\system.tmp_save
2020-05-11 13:24:26,270 [INFO] CodeEngine:206 - Generated code: C:\Users\ADMIN\Documents\GitHub\NUCLEO-F411RE\NUCLEO-F411RE\MXTmpFiles\system.tmp
2020-05-11 13:24:26,270 [INFO] CodeEngine:188 - oldGeneratedFile, C:\Users\ADMIN\Documents\GitHub\NUCLEO-F411RE\NUCLEO-F411RE\Src\stm32f4xx_hal_timebase_tim.c_save
2020-05-11 13:24:26,348 [INFO] CodeEngine:206 - Generated code: C:\Users\ADMIN\Documents\GitHub\NUCLEO-F411RE\NUCLEO-F411RE\Src\stm32f4xx_hal_timebase_tim.c
2020-05-11 13:24:26,348 [INFO] CodeEngine:188 - oldGeneratedFile, C:\Users\ADMIN\Documents\GitHub\NUCLEO-F411RE\NUCLEO-F411RE\Inc\stm32f4xx_hal_conf.h_save
2020-05-11 13:24:26,465 [INFO] CodeEngine:206 - Generated code: C:\Users\ADMIN\Documents\GitHub\NUCLEO-F411RE\NUCLEO-F411RE\Inc\stm32f4xx_hal_conf.h
2020-05-11 13:24:26,527 [INFO] CodeEngine:188 - oldGeneratedFile, C:\Users\ADMIN\Documents\GitHub\NUCLEO-F411RE\NUCLEO-F411RE\Inc\main.h_save
2020-05-11 13:24:26,643 [INFO] CodeEngine:206 - Generated code: C:\Users\ADMIN\Documents\GitHub\NUCLEO-F411RE\NUCLEO-F411RE\Inc\main.h
2020-05-11 13:24:26,659 [INFO] CodeEngine:188 - oldGeneratedFile, C:\Users\ADMIN\Documents\GitHub\NUCLEO-F411RE\NUCLEO-F411RE\Src\main.c_save
2020-05-11 13:24:26,831 [INFO] CodeEngine:206 - Generated code: C:\Users\ADMIN\Documents\GitHub\NUCLEO-F411RE\NUCLEO-F411RE\Src\main.c
2020-05-11 13:24:28,055 [INFO] ProjectBuilder:2002 - Time for Copy HAL[1] : 207mS.
2020-05-11 13:24:28,055 [INFO] ProjectBuilder:2727 - Project Generator version: 3.7.1
2020-05-11 13:24:28,733 [INFO] ConfigFileManager:1066 - The Die is : DIE431
2020-05-11 13:24:31,514 [INFO] ProjectBuilder:2894 - Time for Generating toolchain IDE Files: 3459mS.
2020-05-11 13:24:31,514 [INFO] ProjectBuilder:1878 - Time for Copy CMSIS : 0mS.
2020-05-11 13:24:31,529 [INFO] ProjectBuilder:1878 - Time for Copy CMSIS : 0mS.
